0 info it worked if it ends with ok
1 verbose cli [ 'node', '/usr/local/bin/npm', 'install', 'restler', '--save' ]
2 info using npm@1.3.11
3 info using node@v0.10.18
4 verbose readDependencies using package.json deps
5 verbose cache add [ 'restler', null ]
6 verbose cache add name=undefined spec="restler" args=["restler",null]
7 verbose parsed url { protocol: null,
7 verbose parsed url   slashes: null,
7 verbose parsed url   auth: null,
7 verbose parsed url   host: null,
7 verbose parsed url   port: null,
7 verbose parsed url   hostname: null,
7 verbose parsed url   hash: null,
7 verbose parsed url   search: null,
7 verbose parsed url   query: null,
7 verbose parsed url   pathname: 'restler',
7 verbose parsed url   path: 'restler',
7 verbose parsed url   href: 'restler' }
8 silly lockFile fb93280d-restler restler
9 verbose lock restler /Users/Wildhoney/.npm/fb93280d-restler.lock
10 silly lockFile fb93280d-restler restler
11 silly lockFile fb93280d-restler restler
12 verbose addNamed [ 'restler', '' ]
13 verbose addNamed [ null, '*' ]
14 silly lockFile e35561c0-restler restler@
15 verbose lock restler@ /Users/Wildhoney/.npm/e35561c0-restler.lock
16 silly addNameRange { name: 'restler', range: '*', hasData: false }
17 verbose url raw restler
18 verbose url resolving [ 'https://registry.npmjs.org/', './restler' ]
19 verbose url resolved https://registry.npmjs.org/restler
20 info trying registry request attempt 1 at 00:58:44
21 http GET https://registry.npmjs.org/restler
22 info retry will retry, error on last attempt: Error: connect ECONNREFUSED
23 info trying registry request attempt 2 at 00:58:55
24 http GET https://registry.npmjs.org/restler
25 info retry will retry, error on last attempt: Error: connect ECONNREFUSED
26 info trying registry request attempt 3 at 00:59:55
27 http GET https://registry.npmjs.org/restler
28 silly lockFile e35561c0-restler restler@
29 silly lockFile e35561c0-restler restler@
30 error Error: connect ECONNREFUSED
30 error     at errnoException (net.js:901:11)
30 error     at Object.afterConnect [as oncomplete] (net.js:892:19)
30 error  { [Error: connect ECONNREFUSED]
30 error   code: 'ECONNREFUSED',
30 error   errno: 'ECONNREFUSED',
30 error   syscall: 'connect' }
31 error If you are behind a proxy, please make sure that the
31 error 'proxy' config is set properly.  See: 'npm help config'
32 error System Darwin 12.4.0
33 error command "node" "/usr/local/bin/npm" "install" "restler" "--save"
34 error cwd /Users/Wildhoney/Webroot/CloudConvert/example
35 error node -v v0.10.18
36 error npm -v 1.3.11
37 error syscall connect
38 error code ECONNREFUSED
39 error errno ECONNREFUSED
40 error stack Error: connect ECONNREFUSED
40 error stack     at errnoException (net.js:901:11)
40 error stack     at Object.afterConnect [as oncomplete] (net.js:892:19)
41 verbose exit [ 1, true ]
